# JRE version: Java(TM) SE Runtime Environment (8.0_40-b26) (build 1.8.0_40-b26)
# Java VM: Java HotSpot(TM) 64-Bit Server VM (25.40-b25 mixed mode windows-amd64 compressed oops)
Heap:
 PSYoungGen      total 379904K, used 16503K [0x00000000d6b00000, 0x00000000f7800000, 0x0000000100000000)
  eden space 323584K, 0% used [0x00000000d6b00000,0x00000000d6b00000,0x00000000ea700000)
  from space 56320K, 29% used [0x00000000ea700000,0x00000000eb71dec0,0x00000000ede00000)
  to   space 54272K, 0% used [0x00000000f4300000,0x00000000f4300000,0x00000000f7800000)
 ParOldGen       total 149504K, used 125116K [0x0000000084000000, 0x000000008d200000, 0x00000000d6b00000)
  object space 149504K, 83% used [0x0000000084000000,0x000000008ba2f3f0,0x000000008d200000)
 Metaspace       used 11078K, capacity 11352K, committed 11648K, reserved 1058816K
  class space    used 1222K, capacity 1299K, committed 1408K, reserved 1048576K
GC Heap History (10 events):
Event: 3.985 GC heap after
Heap after GC invocations=8 (full 0):
 PSYoungGen      total 275456K, used 38912K [0x00000000d6b00000, 0x00000000ec500000, 0x0000000100000000)
  eden space 236544K, 0% used [0x00000000d6b00000,0x00000000d6b00000,0x00000000e5200000)
  from space 38912K, 100% used [0x00000000e8500000,0x00000000eab00000,0x00000000eab00000)
  to   space 52224K, 0% used [0x00000000e5200000,0x00000000e5200000,0x00000000e8500000)
 ParOldGen       total 84992K, used 72456K [0x0000000084000000, 0x0000000089300000, 0x00000000d6b00000)
  object space 84992K, 85% used [0x0000000084000000,0x00000000886c2268,0x0000000089300000)
 Metaspace       used 10193K, capacity 10424K, committed 10496K, reserved 1058816K
  class space    used 1193K, capacity 1267K, committed 1280K, reserved 1048576K
}
Event: 3.985 GC heap before
{Heap before GC invocations=9 (full 1):
 PSYoungGen      total 275456K, used 38912K [0x00000000d6b00000, 0x00000000ec500000, 0x0000000100000000)
  eden space 236544K, 0% used [0x00000000d6b00000,0x00000000d6b00000,0x00000000e5200000)
  from space 38912K, 100% used [0x00000000e8500000,0x00000000eab00000,0x00000000eab00000)
  to   space 52224K, 0% used [0x00000000e5200000,0x00000000e5200000,0x00000000e8500000)
 ParOldGen       total 84992K, used 72456K [0x0000000084000000, 0x0000000089300000, 0x00000000d6b00000)
  object space 84992K, 85% used [0x0000000084000000,0x00000000886c2268,0x0000000089300000)
 Metaspace       used 10193K, capacity 10424K, committed 10496K, reserved 1058816K
  class space    used 1193K, capacity 1267K, committed 1280K, reserved 1048576K
Event: 4.350 GC heap after
Heap after GC invocations=9 (full 1):
 PSYoungGen      total 275456K, used 24536K [0x00000000d6b00000, 0x00000000ec500000, 0x0000000100000000)
  eden space 236544K, 0% used [0x00000000d6b00000,0x00000000d6b00000,0x00000000e5200000)
  from space 38912K, 63% used [0x00000000e8500000,0x00000000e9cf61d0,0x00000000eab00000)
  to   space 52224K, 0% used [0x00000000e5200000,0x00000000e5200000,0x00000000e8500000)
 ParOldGen       total 149504K, used 84810K [0x0000000084000000, 0x000000008d200000, 0x00000000d6b00000)
  object space 149504K, 56% used [0x0000000084000000,0x00000000892d2ae0,0x000000008d200000)
 Metaspace       used 10193K, capacity 10424K, committed 10496K, reserved 1058816K
  class space    used 1193K, capacity 1267K, committed 1280K, reserved 1048576K
}
Event: 107.232 GC heap before
{Heap before GC invocations=10 (full 1):
 PSYoungGen      total 275456K, used 261080K [0x00000000d6b00000, 0x00000000ec500000, 0x0000000100000000)
  eden space 236544K, 100% used [0x00000000d6b00000,0x00000000e5200000,0x00000000e5200000)
  from space 38912K, 63% used [0x00000000e8500000,0x00000000e9cf61d0,0x00000000eab00000)
  to   space 52224K, 0% used [0x00000000e5200000,0x00000000e5200000,0x00000000e8500000)
 ParOldGen       total 149504K, used 84810K [0x0000000084000000, 0x000000008d200000, 0x00000000d6b00000)
  object space 149504K, 56% used [0x0000000084000000,0x00000000892d2ae0,0x000000008d200000)
 Metaspace       used 10828K, capacity 11032K, committed 11392K, reserved 1058816K
  class space    used 1219K, capacity 1299K, committed 1408K, reserved 1048576K
Event: 107.324 GC heap after
Heap after GC invocations=10 (full 1):
 PSYoungGen      total 288768K, used 43312K [0x00000000d6b00000, 0x00000000f2100000, 0x0000000100000000)
  eden space 236544K, 0% used [0x00000000d6b00000,0x00000000d6b00000,0x00000000e5200000)
  from space 52224K, 82% used [0x00000000e5200000,0x00000000e7c4c020,0x00000000e8500000)
  to   space 57856K, 0% used [0x00000000ee880000,0x00000000ee880000,0x00000000f2100000)
 ParOldGen       total 149504K, used 87730K [0x0000000084000000, 0x000000008d200000, 0x00000000d6b00000)
  object space 149504K, 58% used [0x0000000084000000,0x00000000895acae0,0x000000008d200000)
 Metaspace       used 10828K, capacity 11032K, committed 11392K, reserved 1058816K
  class space    used 1219K, capacity 1299K, committed 1408K, reserved 1048576K
}
Event: 277.233 GC heap before
{Heap before GC invocations=11 (full 1):
 PSYoungGen      total 288768K, used 279856K [0x00000000d6b00000, 0x00000000f2100000, 0x0000000100000000)
  eden space 236544K, 100% used [0x00000000d6b00000,0x00000000e5200000,0x00000000e5200000)
  from space 52224K, 82% used [0x00000000e5200000,0x00000000e7c4c020,0x00000000e8500000)
  to   space 57856K, 0% used [0x00000000ee880000,0x00000000ee880000,0x00000000f2100000)
 ParOldGen       total 149504K, used 87730K [0x0000000084000000, 0x000000008d200000, 0x00000000d6b00000)
  object space 149504K, 58% used [0x0000000084000000,0x00000000895acae0,0x000000008d200000)
 Metaspace       used 10881K, capacity 11096K, committed 11392K, reserved 1058816K
  class space    used 1220K, capacity 1299K, committed 1408K, reserved 1048576K
Event: 277.346 GC heap after
Heap after GC invocations=11 (full 1):
 PSYoungGen      total 369152K, used 28832K [0x00000000d6b00000, 0x00000000f1500000, 0x0000000100000000)
  eden space 323584K, 0% used [0x00000000d6b00000,0x00000000d6b00000,0x00000000ea700000)
  from space 45568K, 63% used [0x00000000ee880000,0x00000000f04a8010,0x00000000f1500000)
  to   space 56320K, 0% used [0x00000000ea700000,0x00000000ea700000,0x00000000ede00000)
 ParOldGen       total 149504K, used 109578K [0x0000000084000000, 0x000000008d200000, 0x00000000d6b00000)
  object space 149504K, 73% used [0x0000000084000000,0x000000008ab02ae0,0x000000008d200000)
 Metaspace       used 10881K, capacity 11096K, committed 11392K, reserved 1058816K
  class space    used 1220K, capacity 1299K, committed 1408K, reserved 1048576K
}
Event: 393.588 GC heap before
{Heap before GC invocations=12 (full 1):
 PSYoungGen      total 369152K, used 352416K [0x00000000d6b00000, 0x00000000f1500000, 0x0000000100000000)
  eden space 323584K, 100% used [0x00000000d6b00000,0x00000000ea700000,0x00000000ea700000)
  from space 45568K, 63% used [0x00000000ee880000,0x00000000f04a8010,0x00000000f1500000)
  to   space 56320K, 0% used [0x00000000ea700000,0x00000000ea700000,0x00000000ede00000)
 ParOldGen       total 149504K, used 109578K [0x0000000084000000, 0x000000008d200000, 0x00000000d6b00000)
  object space 149504K, 73% used [0x0000000084000000,0x000000008ab02ae0,0x000000008d200000)
 Metaspace       used 11078K, capacity 11352K, committed 11648K, reserved 1058816K
  class space    used 1222K, capacity 1299K, committed 1408K, reserved 1048576K
Event: 393.693 GC heap after
Heap after GC invocations=12 (full 1):
 PSYoungGen      total 379904K, used 16503K [0x00000000d6b00000, 0x00000000f7800000, 0x0000000100000000)
  eden space 323584K, 0% used [0x00000000d6b00000,0x00000000d6b00000,0x00000000ea700000)
  from space 56320K, 29% used [0x00000000ea700000,0x00000000eb71dec0,0x00000000ede00000)
  to   space 54272K, 0% used [0x00000000f4300000,0x00000000f4300000,0x00000000f7800000)
 ParOldGen       total 149504K, used 125116K [0x0000000084000000, 0x000000008d200000, 0x00000000d6b00000)
  object space 149504K, 83% used [0x0000000084000000,0x000000008ba2f3f0,0x000000008d200000)
 Metaspace       used 11078K, capacity 11352K, committed 11648K, reserved 1058816K
  class space    used 1222K, capacity 1299K, committed 1408K, reserved 1048576K
}
Event: 393.693 GC heap before
{Heap before GC invocations=13 (full 2):
 PSYoungGen      total 379904K, used 16503K [0x00000000d6b00000, 0x00000000f7800000, 0x0000000100000000)
  eden space 323584K, 0% used [0x00000000d6b00000,0x00000000d6b00000,0x00000000ea700000)
  from space 56320K, 29% used [0x00000000ea700000,0x00000000eb71dec0,0x00000000ede00000)
  to   space 54272K, 0% used [0x00000000f4300000,0x00000000f4300000,0x00000000f7800000)
 ParOldGen       total 149504K, used 125116K [0x0000000084000000, 0x000000008d200000, 0x00000000d6b00000)
  object space 149504K, 83% used [0x0000000084000000,0x000000008ba2f3f0,0x000000008d200000)
 Metaspace       used 11078K, capacity 11352K, committed 11648K, reserved 1058816K
  class space    used 1222K, capacity 1299K, committed 1408K, reserved 1048576K

